This file contains any messages produced by compilers while
running configure, to aid debugging if configure makes a mistake.

It was created by configure, which was
generated by GNU Autoconf 2.69.  Invocation command line was

  $ ./configure --prefix=/usr

## --------- ##
## Platform. ##
## --------- ##

hostname = runnervmh13bl
uname -m = x86_64
uname -r = 6.11.0-1018-azure
uname -s = Linux
uname -v = #18~24.04.1-Ubuntu SMP Sat Jun 28 04:46:03 UTC 2025

/usr/bin/uname -p = x86_64
/bin/uname -X     = unknown

/bin/arch              = x86_64
/usr/bin/arch -k       = unknown
/usr/convex/getsysinfo = unknown
/usr/bin/hostinfo      = unknown
/bin/machine           = unknown
/usr/bin/oslevel       = unknown
/bin/universe          = unknown

PATH: /home/runner/work/flamerobin/.codeql-scratch/dbs/cpp/working/autobuild/bin
PATH: /home/runner/work/flamerobin/.codeql-scratch/dbs/cpp/working/autobuild/bin
PATH: /snap/bin
PATH: /home/runner/.local/bin
PATH: /opt/pipx_bin
PATH: /home/runner/.cargo/bin
PATH: /home/runner/.config/composer/vendor/bin
PATH: /usr/local/.ghcup/bin
PATH: /home/runner/.dotnet/tools
PATH: /usr/local/sbin
PATH: /usr/local/bin
PATH: /usr/sbin
PATH: /usr/bin
PATH: /sbin
PATH: /bin
PATH: /usr/games
PATH: /usr/local/games
PATH: /snap/bin


## ----------- ##
## Core tests. ##
## ----------- ##

configure:2436: checking build system type
configure:2450: result: x86_64-unknown-linux-gnu
configure:2470: checking host system type
configure:2483: result: x86_64-unknown-linux-gnu
configure:2503: checking target system type
configure:2516: result: x86_64-unknown-linux-gnu
configure:2594: checking how to print strings
configure:2621: result: printf
configure:2690: checking for gcc
configure:2706: found /home/runner/work/flamerobin/.codeql-scratch/dbs/cpp/working/autobuild/bin/gcc
configure:2717: result: gcc
configure:2946: checking for C compiler version
configure:2955: gcc --version >&5
gcc (Ubuntu 13.3.0-6ubuntu2~24.04) 13.3.0
Copyright (C) 2023 Free Software Foundation, Inc.
This is free software; see the source for copying conditions.  There is NO
warranty; not even for MERCHANTABILITY or FITNESS FOR A PARTICULAR PURPOSE.

configure:2966: $? = 0
configure:2955: gcc -v >&5
Using built-in specs.
COLLECT_GCC=/usr/bin/gcc
COLLECT_LTO_WRAPPER=/usr/libexec/gcc/x86_64-linux-gnu/13/lto-wrapper
OFFLOAD_TARGET_NAMES=nvptx-none:amdgcn-amdhsa
OFFLOAD_TARGET_DEFAULT=1
Target: x86_64-linux-gnu
Configured with: ../src/configure -v --with-pkgversion='Ubuntu 13.3.0-6ubuntu2~24.04' --with-bugurl=file:///usr/share/doc/gcc-13/README.Bugs --enable-languages=c,ada,c++,go,d,fortran,objc,obj-c++,m2 --prefix=/usr --with-gcc-major-version-only --program-suffix=-13 --program-prefix=x86_64-linux-gnu- --enable-shared --enable-linker-build-id --libexecdir=/usr/libexec --without-included-gettext --enable-threads=posix --libdir=/usr/lib --enable-nls --enable-bootstrap --enable-clocale=gnu --enable-libstdcxx-debug --enable-libstdcxx-time=yes --with-default-libstdcxx-abi=new --enable-libstdcxx-backtrace --enable-gnu-unique-object --disable-vtable-verify --enable-plugin --enable-default-pie --with-system-zlib --enable-libphobos-checking=release --with-target-system-zlib=auto --enable-objc-gc=auto --enable-multiarch --disable-werror --enable-cet --with-arch-32=i686 --with-abi=m64 --with-multilib-list=m32,m64,mx32 --enable-multilib --with-tune=generic --enable-offload-targets=nvptx-none=/build/gcc-13-fG75Ri/gcc-13-13.3.0/debian/tmp-nvptx/usr,amdgcn-amdhsa=/build/gcc-13-fG75Ri/gcc-13-13.3.0/debian/tmp-gcn/usr --enable-offload-defaulted --without-cuda-driver --enable-checking=release --build=x86_64-linux-gnu --host=x86_64-linux-gnu --target=x86_64-linux-gnu --with-build-config=bootstrap-lto-lean --enable-link-serialization=2
Thread model: posix
Supported LTO compression algorithms: zlib zstd
gcc version 13.3.0 (Ubuntu 13.3.0-6ubuntu2~24.04) 
... rest of stderr output deleted ...
configure:2966: $? = 0
configure:2955: gcc -V >&5
gcc: error: unrecognized command-line option '-V'
gcc: fatal error: no input files
compilation terminated.
configure:2966: $? = 1
configure:2955: gcc -qversion >&5
gcc: error: unrecognized command-line option '-qversion'; did you mean '--version'?
gcc: fatal error: no input files
compilation terminated.
configure:2966: $? = 1
configure:2986: checking whether the C compiler works
configure:3008: gcc    conftest.c  >&5
configure:3012: $? = 0
configure:3060: result: yes
configure:3063: checking for C compiler default output file name
configure:3065: result: a.out
configure:3071: checking for suffix of executables
configure:3078: gcc -o conftest    conftest.c  >&5
configure:3082: $? = 0
configure:3104: result: 
configure:3126: checking whether we are cross compiling
configure:3134: gcc -o conftest    conftest.c  >&5
configure:3138: $? = 0
configure:3145: ./conftest
configure:3149: $? = 0
configure:3164: result: no
configure:3169: checking for suffix of object files
configure:3191: gcc -c   conftest.c >&5
configure:3195: $? = 0
configure:3216: result: o
configure:3220: checking whether we are using the GNU C compiler
configure:3239: gcc -c   conftest.c >&5
configure:3239: $? = 0
configure:3248: result: yes
configure:3257: checking whether gcc accepts -g
configure:3277: gcc -c -g  conftest.c >&5
configure:3277: $? = 0
configure:3318: result: yes
configure:3335: checking for gcc option to accept ISO C89
configure:3398: gcc  -c -g -O2  conftest.c >&5
configure:3398: $? = 0
configure:3411: result: none needed
configure:3431: checking for a sed that does not truncate output
configure:3495: result: /usr/bin/sed
configure:3513: checking for grep that handles long lines and -e
configure:3571: result: /usr/bin/grep
configure:3576: checking for egrep
configure:3638: result: /usr/bin/grep -E
configure:3643: checking for fgrep
configure:3705: result: /usr/bin/grep -F
configure:3740: checking for ld used by gcc
configure:3807: result: /usr/bin/ld
configure:3814: checking if the linker (/usr/bin/ld) is GNU ld
configure:3829: result: yes
configure:3841: checking for BSD- or MS-compatible name lister (nm)
configure:3890: result: /usr/bin/nm -B
configure:4020: checking the name lister (/usr/bin/nm -B) interface
configure:4027: gcc -c -g -O2  conftest.c >&5
configure:4030: /usr/bin/nm -B "conftest.o"
configure:4033: output
0000000000000000 B some_variable
configure:4040: result: BSD nm
configure:4043: checking whether ln -s works
configure:4047: result: yes
configure:4055: checking the maximum length of command line arguments
configure:4186: result: 3145728
configure:4203: checking whether the shell understands some XSI constructs
configure:4213: result: yes
configure:4217: checking whether the shell understands "+="
configure:4223: result: yes
configure:4258: checking how to convert x86_64-unknown-linux-gnu file names to x86_64-unknown-linux-gnu format
configure:4298: result: func_convert_file_noop
configure:4305: checking how to convert x86_64-unknown-linux-gnu file names to toolchain format
configure:4325: result: func_convert_file_noop
configure:4332: checking for /usr/bin/ld option to reload object files
configure:4339: result: -r
configure:4413: checking for objdump
configure:4429: found /usr/bin/objdump
configure:4440: result: objdump
configure:4472: checking how to recognize dependent libraries
configure:4670: result: pass_all
configure:4755: checking for dlltool
configure:4785: result: no
configure:4815: checking how to associate runtime and link libraries
configure:4842: result: printf %s\n
configure:4903: checking for ar
configure:4919: found /usr/bin/ar
configure:4930: result: ar
configure:4967: checking for archiver @FILE support
configure:4984: gcc -c -g -O2  conftest.c >&5
configure:4984: $? = 0
configure:4987: ar cru libconftest.a @conftest.lst >&5
ar: `u' modifier ignored since `D' is the default (see `U')
configure:4990: $? = 0
configure:4995: ar cru libconftest.a @conftest.lst >&5
ar: `u' modifier ignored since `D' is the default (see `U')
ar: conftest.o: No such file or directory
configure:4998: $? = 1
configure:5010: result: @
configure:5068: checking for strip
configure:5084: found /usr/bin/strip
configure:5095: result: strip
configure:5167: checking for ranlib
configure:5183: found /usr/bin/ranlib
configure:5194: result: ranlib
configure:5271: checking for gawk
configure:5287: found /usr/bin/gawk
configure:5298: result: gawk
configure:5338: checking command to parse /usr/bin/nm -B output from gcc object
configure:5458: gcc -c -g -O2  conftest.c >&5
configure:5461: $? = 0
configure:5465: /usr/bin/nm -B conftest.o \| sed -n -e 's/^.*[ ]\([ABCDGIRSTW][ABCDGIRSTW]*\)[ ][ ]*\([_A-Za-z][_A-Za-z0-9]*\)$/\1 \2 \2/p' | sed '/ __gnu_lto/d' \> conftest.nm
configure:5468: $? = 0
configure:5534: gcc -o conftest -g -O2   conftest.c conftstm.o >&5
configure:5537: $? = 0
configure:5575: result: ok
configure:5612: checking for sysroot
configure:5642: result: no
configure:5719: gcc -c -g -O2  conftest.c >&5
configure:5722: $? = 0
configure:5905: checking for mt
configure:5921: found /usr/bin/mt
configure:5932: result: mt
configure:5955: checking if mt is a manifest tool
configure:5961: mt '-?'
configure:5969: result: no
configure:6611: checking how to run the C preprocessor
configure:6642: gcc -E  conftest.c
configure:6642: $? = 0
configure:6656: gcc -E  conftest.c
conftest.c:10:10: fatal error: ac_nonexistent.h: No such file or directory
   10 | #include <ac_nonexistent.h>
      |          ^~~~~~~~~~~~~~~~~~
compilation terminated.
configure:6656: $? = 1
configure: failed program was:
| /* confdefs.h */
| #define PACKAGE_NAME ""
| #define PACKAGE_TARNAME ""
| #define PACKAGE_VERSION ""
| #define PACKAGE_STRING ""
| #define PACKAGE_BUGREPORT ""
| #define PACKAGE_URL ""
| #define FR_INSTALL_PREFIX /**/
| /* end confdefs.h.  */
| #include <ac_nonexistent.h>
configure:6681: result: gcc -E
configure:6701: gcc -E  conftest.c
configure:6701: $? = 0
configure:6715: gcc -E  conftest.c
conftest.c:10:10: fatal error: ac_nonexistent.h: No such file or directory
   10 | #include <ac_nonexistent.h>
      |          ^~~~~~~~~~~~~~~~~~
compilation terminated.
configure:6715: $? = 1
configure: failed program was:
| /* confdefs.h */
| #define PACKAGE_NAME ""
| #define PACKAGE_TARNAME ""
| #define PACKAGE_VERSION ""
| #define PACKAGE_STRING ""
| #define PACKAGE_BUGREPORT ""
| #define PACKAGE_URL ""
| #define FR_INSTALL_PREFIX /**/
| /* end confdefs.h.  */
| #include <ac_nonexistent.h>
configure:6744: checking for ANSI C header files
configure:6764: gcc -c -g -O2  conftest.c >&5
configure:6764: $? = 0
configure:6837: gcc -o conftest -g -O2   conftest.c  >&5
configure:6837: $? = 0
configure:6837: ./conftest
configure:6837: $? = 0
configure:6848: result: yes
configure:6861: checking for sys/types.h
configure:6861: gcc -c -g -O2  conftest.c >&5
configure:6861: $? = 0
configure:6861: result: yes
configure:6861: checking for sys/stat.h
configure:6861: gcc -c -g -O2  conftest.c >&5
configure:6861: $? = 0
configure:6861: result: yes
configure:6861: checking for stdlib.h
configure:6861: gcc -c -g -O2  conftest.c >&5
configure:6861: $? = 0
configure:6861: result: yes
configure:6861: checking for string.h
configure:6861: gcc -c -g -O2  conftest.c >&5
configure:6861: $? = 0
configure:6861: result: yes
configure:6861: checking for memory.h
configure:6861: gcc -c -g -O2  conftest.c >&5
configure:6861: $? = 0
configure:6861: result: yes
configure:6861: checking for strings.h
configure:6861: gcc -c -g -O2  conftest.c >&5
configure:6861: $? = 0
configure:6861: result: yes
configure:6861: checking for inttypes.h
configure:6861: gcc -c -g -O2  conftest.c >&5
configure:6861: $? = 0
configure:6861: result: yes
configure:6861: checking for stdint.h
configure:6861: gcc -c -g -O2  conftest.c >&5
configure:6861: $? = 0
configure:6861: result: yes
configure:6861: checking for unistd.h
configure:6861: gcc -c -g -O2  conftest.c >&5
configure:6861: $? = 0
configure:6861: result: yes
configure:6875: checking for dlfcn.h
configure:6875: gcc -c -g -O2  conftest.c >&5
configure:6875: $? = 0
configure:6875: result: yes
configure:7081: checking for objdir
configure:7096: result: .libs
configure:7367: checking if gcc supports -fno-rtti -fno-exceptions
configure:7385: gcc -c -g -O2  -fno-rtti -fno-exceptions conftest.c >&5
cc1: warning: command-line option '-fno-rtti' is valid for C++/D/ObjC++ but not for C
configure:7389: $? = 0
configure:7402: result: no
configure:7729: checking for gcc option to produce PIC
configure:7736: result: -fPIC -DPIC
configure:7744: checking if gcc PIC flag -fPIC -DPIC works
configure:7762: gcc -c -g -O2  -fPIC -DPIC -DPIC conftest.c >&5
configure:7766: $? = 0
configure:7779: result: yes
configure:7808: checking if gcc static flag -static works
configure:7836: result: yes
configure:7851: checking if gcc supports -c -o file.o
configure:7872: gcc -c -g -O2  -o out/conftest2.o conftest.c >&5
configure:7876: $? = 0
configure:7898: result: yes
configure:7906: checking if gcc supports -c -o file.o
configure:7953: result: yes
configure:7986: checking whether the gcc linker (/usr/bin/ld -m elf_x86_64) supports shared libraries
configure:9143: result: yes
configure:9180: checking whether -lc should be explicitly linked in
configure:9188: gcc -c -g -O2  conftest.c >&5
configure:9191: $? = 0
configure:9206: gcc -shared  -fPIC -DPIC conftest.o  -v -Wl,-soname -Wl,conftest -o conftest 2\>\&1 \| /usr/bin/grep  -lc  \>/dev/null 2\>\&1
configure:9209: $? = 0
configure:9223: result: no
configure:9383: checking dynamic linker characteristics
configure:9883: gcc -o conftest -g -O2   -Wl,-rpath -Wl,/foo conftest.c  >&5
configure:9883: $? = 0
configure:10117: result: GNU/Linux ld.so
configure:10224: checking how to hardcode library paths into programs
configure:10249: result: immediate
configure:10789: checking whether stripping libraries is possible
configure:10794: result: yes
configure:10829: checking if libtool supports shared libraries
configure:10831: result: yes
configure:10834: checking whether to build shared libraries
configure:10855: result: yes
configure:10858: checking whether to build static libraries
configure:10862: result: yes
configure:10989: checking for g++
configure:11005: found /home/runner/work/flamerobin/.codeql-scratch/dbs/cpp/working/autobuild/bin/g++
configure:11016: result: g++
configure:11043: checking for C++ compiler version
configure:11052: g++ --version >&5
g++ (Ubuntu 13.3.0-6ubuntu2~24.04) 13.3.0
Copyright (C) 2023 Free Software Foundation, Inc.
This is free software; see the source for copying conditions.  There is NO
warranty; not even for MERCHANTABILITY or FITNESS FOR A PARTICULAR PURPOSE.

configure:11063: $? = 0
configure:11052: g++ -v >&5
Using built-in specs.
COLLECT_GCC=/usr/bin/g++
COLLECT_LTO_WRAPPER=/usr/libexec/gcc/x86_64-linux-gnu/13/lto-wrapper
OFFLOAD_TARGET_NAMES=nvptx-none:amdgcn-amdhsa
OFFLOAD_TARGET_DEFAULT=1
Target: x86_64-linux-gnu
Configured with: ../src/configure -v --with-pkgversion='Ubuntu 13.3.0-6ubuntu2~24.04' --with-bugurl=file:///usr/share/doc/gcc-13/README.Bugs --enable-languages=c,ada,c++,go,d,fortran,objc,obj-c++,m2 --prefix=/usr --with-gcc-major-version-only --program-suffix=-13 --program-prefix=x86_64-linux-gnu- --enable-shared --enable-linker-build-id --libexecdir=/usr/libexec --without-included-gettext --enable-threads=posix --libdir=/usr/lib --enable-nls --enable-bootstrap --enable-clocale=gnu --enable-libstdcxx-debug --enable-libstdcxx-time=yes --with-default-libstdcxx-abi=new --enable-libstdcxx-backtrace --enable-gnu-unique-object --disable-vtable-verify --enable-plugin --enable-default-pie --with-system-zlib --enable-libphobos-checking=release --with-target-system-zlib=auto --enable-objc-gc=auto --enable-multiarch --disable-werror --enable-cet --with-arch-32=i686 --with-abi=m64 --with-multilib-list=m32,m64,mx32 --enable-multilib --with-tune=generic --enable-offload-targets=nvptx-none=/build/gcc-13-fG75Ri/gcc-13-13.3.0/debian/tmp-nvptx/usr,amdgcn-amdhsa=/build/gcc-13-fG75Ri/gcc-13-13.3.0/debian/tmp-gcn/usr --enable-offload-defaulted --without-cuda-driver --enable-checking=release --build=x86_64-linux-gnu --host=x86_64-linux-gnu --target=x86_64-linux-gnu --with-build-config=bootstrap-lto-lean --enable-link-serialization=2
Thread model: posix
Supported LTO compression algorithms: zlib zstd
gcc version 13.3.0 (Ubuntu 13.3.0-6ubuntu2~24.04) 
... rest of stderr output deleted ...
configure:11063: $? = 0
configure:11052: g++ -V >&5
g++: error: unrecognized command-line option '-V'
g++: fatal error: no input files
compilation terminated.
configure:11063: $? = 1
configure:11052: g++ -qversion >&5
g++: error: unrecognized command-line option '-qversion'; did you mean '--version'?
g++: fatal error: no input files
compilation terminated.
configure:11063: $? = 1
configure:11067: checking whether we are using the GNU C++ compiler
configure:11086: g++ -c   conftest.cpp >&5
configure:11086: $? = 0
configure:11095: result: yes
configure:11104: checking whether g++ accepts -g
configure:11124: g++ -c -g  conftest.cpp >&5
configure:11124: $? = 0
configure:11165: result: yes
configure:11206: checking how to run the C++ preprocessor
configure:11233: g++ -E  conftest.cpp
configure:11233: $? = 0
configure:11247: g++ -E  conftest.cpp
conftest.cpp:22:10: fatal error: ac_nonexistent.h: No such file or directory
   22 | #include <ac_nonexistent.h>
      |          ^~~~~~~~~~~~~~~~~~
compilation terminated.
configure:11247: $? = 1
configure: failed program was:
| /* confdefs.h */
| #define PACKAGE_NAME ""
| #define PACKAGE_TARNAME ""
| #define PACKAGE_VERSION ""
| #define PACKAGE_STRING ""
| #define PACKAGE_BUGREPORT ""
| #define PACKAGE_URL ""
| #define FR_INSTALL_PREFIX /**/
| #define STDC_HEADERS 1
| #define HAVE_SYS_TYPES_H 1
| #define HAVE_SYS_STAT_H 1
| #define HAVE_STDLIB_H 1
| #define HAVE_STRING_H 1
| #define HAVE_MEMORY_H 1
| #define HAVE_STRINGS_H 1
| #define HAVE_INTTYPES_H 1
| #define HAVE_STDINT_H 1
| #define HAVE_UNISTD_H 1
| #define HAVE_DLFCN_H 1
| #define LT_OBJDIR ".libs/"
| /* end confdefs.h.  */
| #include <ac_nonexistent.h>
configure:11272: result: g++ -E
configure:11292: g++ -E  conftest.cpp
configure:11292: $? = 0
configure:11306: g++ -E  conftest.cpp
conftest.cpp:22:10: fatal error: ac_nonexistent.h: No such file or directory
   22 | #include <ac_nonexistent.h>
      |          ^~~~~~~~~~~~~~~~~~
compilation terminated.
configure:11306: $? = 1
configure: failed program was:
| /* confdefs.h */
| #define PACKAGE_NAME ""
| #define PACKAGE_TARNAME ""
| #define PACKAGE_VERSION ""
| #define PACKAGE_STRING ""
| #define PACKAGE_BUGREPORT ""
| #define PACKAGE_URL ""
| #define FR_INSTALL_PREFIX /**/
| #define STDC_HEADERS 1
| #define HAVE_SYS_TYPES_H 1
| #define HAVE_SYS_STAT_H 1
| #define HAVE_STDLIB_H 1
| #define HAVE_STRING_H 1
| #define HAVE_MEMORY_H 1
| #define HAVE_STRINGS_H 1
| #define HAVE_INTTYPES_H 1
| #define HAVE_STDINT_H 1
| #define HAVE_UNISTD_H 1
| #define HAVE_DLFCN_H 1
| #define LT_OBJDIR ".libs/"
| /* end confdefs.h.  */
| #include <ac_nonexistent.h>
configure:11475: checking for ld used by g++
configure:11542: result: /usr/bin/ld -m elf_x86_64
configure:11549: checking if the linker (/usr/bin/ld -m elf_x86_64) is GNU ld
configure:11564: result: yes
configure:11619: checking whether the g++ linker (/usr/bin/ld -m elf_x86_64) supports shared libraries
configure:12621: result: yes
configure:12657: g++ -c -g -O2  conftest.cpp >&5
configure:12660: $? = 0
configure:13180: checking for g++ option to produce PIC
configure:13187: result: -fPIC -DPIC
configure:13195: checking if g++ PIC flag -fPIC -DPIC works
configure:13213: g++ -c -g -O2  -fPIC -DPIC -DPIC conftest.cpp >&5
configure:13217: $? = 0
configure:13230: result: yes
configure:13253: checking if g++ static flag -static works
configure:13281: result: yes
configure:13293: checking if g++ supports -c -o file.o
configure:13314: g++ -c -g -O2  -o out/conftest2.o conftest.cpp >&5
configure:13318: $? = 0
configure:13340: result: yes
configure:13345: checking if g++ supports -c -o file.o
configure:13392: result: yes
configure:13422: checking whether the g++ linker (/usr/bin/ld -m elf_x86_64) supports shared libraries
configure:13461: result: yes
configure:13602: checking dynamic linker characteristics
configure:14270: result: GNU/Linux ld.so
configure:14323: checking how to hardcode library paths into programs
configure:14348: result: immediate
configure:14441: checking for wx-config
configure:14473: result: no
configure:14663: error: 
           wxWidgets must be installed on your system
           but wx-config script couldn't be found.

           Please check that wx-config is in path, the directory
           where wxWidgets libraries are installed (returned by
           'wx-config --libs' command) is in LD_LIBRARY_PATH or
           equivalent variable and wxWidgets version is 2.8.0 or above.
        

## ---------------- ##
## Cache variables. ##
## ---------------- ##

ac_cv_build=x86_64-unknown-linux-gnu
ac_cv_c_compiler_gnu=yes
ac_cv_cxx_compiler_gnu=yes
ac_cv_env_BOOST_ROOT_set=
ac_cv_env_BOOST_ROOT_value=
ac_cv_env_CCC_set=
ac_cv_env_CCC_value=
ac_cv_env_CC_set=
ac_cv_env_CC_value=
ac_cv_env_CFLAGS_set=
ac_cv_env_CFLAGS_value=
ac_cv_env_CPPFLAGS_set=
ac_cv_env_CPPFLAGS_value=
ac_cv_env_CPP_set=
ac_cv_env_CPP_value=
ac_cv_env_CXXCPP_set=
ac_cv_env_CXXCPP_value=
ac_cv_env_CXXFLAGS_set=
ac_cv_env_CXXFLAGS_value=
ac_cv_env_CXX_set=
ac_cv_env_CXX_value=
ac_cv_env_LDFLAGS_set=
ac_cv_env_LDFLAGS_value=
ac_cv_env_LIBS_set=
ac_cv_env_LIBS_value=
ac_cv_env_build_alias_set=
ac_cv_env_build_alias_value=
ac_cv_env_host_alias_set=
ac_cv_env_host_alias_value=
ac_cv_env_target_alias_set=
ac_cv_env_target_alias_value=
ac_cv_header_dlfcn_h=yes
ac_cv_header_inttypes_h=yes
ac_cv_header_memory_h=yes
ac_cv_header_stdc=yes
ac_cv_header_stdint_h=yes
ac_cv_header_stdlib_h=yes
ac_cv_header_string_h=yes
ac_cv_header_strings_h=yes
ac_cv_header_sys_stat_h=yes
ac_cv_header_sys_types_h=yes
ac_cv_header_unistd_h=yes
ac_cv_host=x86_64-unknown-linux-gnu
ac_cv_objext=o
ac_cv_path_EGREP='/usr/bin/grep -E'
ac_cv_path_FGREP='/usr/bin/grep -F'
ac_cv_path_GREP=/usr/bin/grep
ac_cv_path_SED=/usr/bin/sed
ac_cv_path_WX_CONFIG_PATH=no
ac_cv_prog_AWK=gawk
ac_cv_prog_CPP='gcc -E'
ac_cv_prog_CXXCPP='g++ -E'
ac_cv_prog_ac_ct_AR=ar
ac_cv_prog_ac_ct_CC=gcc
ac_cv_prog_ac_ct_CXX=g++
ac_cv_prog_ac_ct_MANIFEST_TOOL=mt
ac_cv_prog_ac_ct_OBJDUMP=objdump
ac_cv_prog_ac_ct_RANLIB=ranlib
ac_cv_prog_ac_ct_STRIP=strip
ac_cv_prog_cc_c89=
ac_cv_prog_cc_g=yes
ac_cv_prog_cxx_g=yes
ac_cv_target=x86_64-unknown-linux-gnu
lt_cv_ar_at_file=@
lt_cv_archive_cmds_need_lc=no
lt_cv_deplibs_check_method=pass_all
lt_cv_file_magic_cmd='$MAGIC_CMD'
lt_cv_file_magic_test_file=
lt_cv_ld_reload_flag=-r
lt_cv_nm_interface='BSD nm'
lt_cv_objdir=.libs
lt_cv_path_LD=/usr/bin/ld
lt_cv_path_LDCXX='/usr/bin/ld -m elf_x86_64'
lt_cv_path_NM='/usr/bin/nm -B'
lt_cv_path_mainfest_tool=no
lt_cv_prog_compiler_c_o=yes
lt_cv_prog_compiler_c_o_CXX=yes
lt_cv_prog_compiler_pic='-fPIC -DPIC'
lt_cv_prog_compiler_pic_CXX='-fPIC -DPIC'
lt_cv_prog_compiler_pic_works=yes
lt_cv_prog_compiler_pic_works_CXX=yes
lt_cv_prog_compiler_rtti_exceptions=no
lt_cv_prog_compiler_static_works=yes
lt_cv_prog_compiler_static_works_CXX=yes
lt_cv_prog_gnu_ld=yes
lt_cv_prog_gnu_ldcxx=yes
lt_cv_sharedlib_from_linklib_cmd='printf %s\n'
lt_cv_shlibpath_overrides_runpath=yes
lt_cv_sys_global_symbol_pipe='sed -n -e '\''s/^.*[	 ]\([ABCDGIRSTW][ABCDGIRSTW]*\)[	 ][	 ]*\([_A-Za-z][_A-Za-z0-9]*\)$/\1 \2 \2/p'\'' | sed '\''/ __gnu_lto/d'\'''
lt_cv_sys_global_symbol_to_c_name_address='sed -n -e '\''s/^: \([^ ]*\)[ ]*$/  {\"\1\", (void *) 0},/p'\'' -e '\''s/^[ABCDGIRSTW]* \([^ ]*\) \([^ ]*\)$/  {"\2", (void *) \&\2},/p'\'''
lt_cv_sys_global_symbol_to_c_name_address_lib_prefix='sed -n -e '\''s/^: \([^ ]*\)[ ]*$/  {\"\1\", (void *) 0},/p'\'' -e '\''s/^[ABCDGIRSTW]* \([^ ]*\) \(lib[^ ]*\)$/  {"\2", (void *) \&\2},/p'\'' -e '\''s/^[ABCDGIRSTW]* \([^ ]*\) \([^ ]*\)$/  {"lib\2", (void *) \&\2},/p'\'''
lt_cv_sys_global_symbol_to_cdecl='sed -n -e '\''s/^T .* \(.*\)$/extern int \1();/p'\'' -e '\''s/^[ABCDGIRSTW]* .* \(.*\)$/extern char \1;/p'\'''
lt_cv_sys_max_cmd_len=3145728
lt_cv_to_host_file_cmd=func_convert_file_noop
lt_cv_to_tool_file_cmd=func_convert_file_noop

## ----------------- ##
## Output variables. ##
## ----------------- ##

AIX_CXX_LD=''
AR='ar'
AROPTIONS=''
AWK='gawk'
BK_DEPS=''
BK_MAKE_PCH=''
BOOST_CHRONO_LDFLAGS=''
BOOST_CHRONO_LDPATH=''
BOOST_CHRONO_LIBS=''
BOOST_CPPFLAGS=''
BOOST_LDPATH=''
BOOST_ROOT=''
BOOST_SYSTEM_LDFLAGS=''
BOOST_SYSTEM_LDPATH=''
BOOST_SYSTEM_LIBS=''
BOOST_THREAD_LDFLAGS=''
BOOST_THREAD_LDPATH=''
BOOST_THREAD_LIBS=''
CC='gcc'
CFLAGS='-g -O2 -std=c11'
COND_DEPS_TRACKING_0=''
COND_DEPS_TRACKING_1=''
COND_FINAL_0=''
COND_FINAL_1=''
COND_GCC_PCH_1=''
COND_ICC_PCH_1=''
COND_PLATFORM_MACOSX_1=''
COND_PLATFORM_MAC_0=''
COND_PLATFORM_MAC_1=''
COND_PLATFORM_OS2_1=''
COND_PLATFORM_UNIX_1=''
COND_PLATFORM_WIN32_1=''
COND_STATICRTL_0=''
COND_STATICRTL_1=''
COND_USEDLL_1=''
COND_USE_PCH_1=''
CPP='gcc -E'
CPPFLAGS=''
CXX='g++'
CXXCPP='g++ -E'
CXXFLAGS='-g -O2 -DNDEBUG -std=c++14'
DEFS=''
DEPS_TRACKING=''
DISTCHECK_CONFIGURE_FLAGS=''
DLLIMP_SUFFIX=''
DLLPREFIX=''
DLLPREFIX_MODULE=''
DLLTOOL='false'
DSYMUTIL=''
DUMPBIN=''
ECHO_C=''
ECHO_N='-n'
ECHO_T=''
EGREP='/usr/bin/grep -E'
EXEEXT=''
FGREP='/usr/bin/grep -F'
GCC_PCH=''
GREP='/usr/bin/grep'
ICC_PCH=''
ICC_PCH_CREATE_SWITCH=''
ICC_PCH_USE_SWITCH=''
IF_GNU_MAKE=''
INSTALL_DATA=''
INSTALL_DIR=''
INSTALL_PROGRAM=''
INSTALL_SCRIPT=''
LD='/usr/bin/ld -m elf_x86_64'
LDFLAGS=''
LDFLAGS_GUI=''
LIBEXT=''
LIBOBJS=''
LIBPREFIX=''
LIBS=''
LIBTOOL='$(SHELL) $(top_builddir)/libtool'
LIPO=''
LN_S='ln -s'
LTLIBOBJS=''
MAKE_SET=''
MANIFEST_TOOL=':'
NM='/usr/bin/nm -B'
NMEDIT=''
OBJCXXFLAGS=''
OBJDUMP='objdump'
OBJEXT='o'
OTOOL64=''
OTOOL=''
PACKAGE_BUGREPORT=''
PACKAGE_NAME=''
PACKAGE_STRING=''
PACKAGE_TARNAME=''
PACKAGE_URL=''
PACKAGE_VERSION=''
PATH_SEPARATOR=':'
PIC_FLAG=''
PLATFORM_BEOS=''
PLATFORM_MAC=''
PLATFORM_MACOS=''
PLATFORM_MACOSX=''
PLATFORM_MSDOS=''
PLATFORM_OS2=''
PLATFORM_UNIX=''
PLATFORM_WIN32=''
RANLIB='ranlib'
REZ=''
SED='/usr/bin/sed'
SETFILE=''
SET_MAKE=''
SHARED_LD_CC=''
SHARED_LD_CXX=''
SHARED_LD_MODULE_CC=''
SHARED_LD_MODULE_CXX=''
SHELL='/bin/bash'
SONAME_FLAG=''
SO_SUFFIX=''
SO_SUFFIX_MODULE=''
STRIP='strip'
USE_MACVERSION=''
USE_SOTWOSYMLINKS=''
USE_SOVERCYGWIN=''
USE_SOVERLINUX=''
USE_SOVERSION=''
USE_SOVERSOLARIS=''
WINDOWS_IMPLIB=''
WINDRES=''
WX_CFLAGS=''
WX_CFLAGS_ONLY=''
WX_CONFIG_PATH='no'
WX_CPPFLAGS=''
WX_CXXFLAGS=''
WX_CXXFLAGS_ONLY=''
WX_INCLUDES=''
WX_LIBS=''
WX_LIBS_STATIC=''
WX_RESCOMP=''
WX_VERSION=''
WX_VERSION_MAJOR=''
WX_VERSION_MICRO=''
WX_VERSION_MINOR=''
ac_ct_AR='ar'
ac_ct_CC='gcc'
ac_ct_CXX='g++'
ac_ct_DUMPBIN=''
bindir='${exec_prefix}/bin'
build='x86_64-unknown-linux-gnu'
build_alias=''
build_cpu='x86_64'
build_os='linux-gnu'
build_vendor='unknown'
datadir='${datarootdir}'
datarootdir='${prefix}/share'
dlldir=''
docdir='${datarootdir}/doc/${PACKAGE}'
dvidir='${docdir}'
exec_prefix='NONE'
host='x86_64-unknown-linux-gnu'
host_alias=''
host_cpu='x86_64'
host_os='linux-gnu'
host_vendor='unknown'
htmldir='${docdir}'
includedir='${prefix}/include'
infodir='${datarootdir}/info'
libdir='${exec_prefix}/lib'
libexecdir='${exec_prefix}/libexec'
localedir='${datarootdir}/locale'
localstatedir='${prefix}/var'
mandir='${datarootdir}/man'
oldincludedir='/usr/include'
pdfdir='${docdir}'
prefix='/usr'
program_transform_name='s,x,x,'
psdir='${docdir}'
sbindir='${exec_prefix}/sbin'
sharedstatedir='${prefix}/com'
sysconfdir='${prefix}/etc'
target='x86_64-unknown-linux-gnu'
target_alias=''
target_cpu='x86_64'
target_os='linux-gnu'
target_vendor='unknown'

## ----------- ##
## confdefs.h. ##
## ----------- ##

/* confdefs.h */
#define PACKAGE_NAME ""
#define PACKAGE_TARNAME ""
#define PACKAGE_VERSION ""
#define PACKAGE_STRING ""
#define PACKAGE_BUGREPORT ""
#define PACKAGE_URL ""
#define FR_INSTALL_PREFIX /**/
#define STDC_HEADERS 1
#define HAVE_SYS_TYPES_H 1
#define HAVE_SYS_STAT_H 1
#define HAVE_STDLIB_H 1
#define HAVE_STRING_H 1
#define HAVE_MEMORY_H 1
#define HAVE_STRINGS_H 1
#define HAVE_INTTYPES_H 1
#define HAVE_STDINT_H 1
#define HAVE_UNISTD_H 1
#define HAVE_DLFCN_H 1
#define LT_OBJDIR ".libs/"

configure: exit 1
